2025-10-16 23:14:51,657 - src.medical_rag_system - INFO - Initializing Medical RAG System
2025-10-16 23:14:52,830 - embedding_manager - INFO - Loading PubMedBERT model: microsoft/BiomedNLP-PubMedBERT-base-uncased-abstract-fulltext
2025-10-16 23:14:56,270 - embedding_manager - INFO - Loaded FAISS index with 3755 vectors
2025-10-16 23:15:00,339 - elastic_transport.transport - INFO - GET http://localhost:9200/ [status:N/A duration:4.068s]
2025-10-16 23:15:00,340 - elastic_transport.node_pool - WARNING - Node <Urllib3HttpNode(http://localhost:9200)> has failed for 1 times in a row, putting on 1 second timeout
2025-10-16 23:15:00,341 - elastic_transport.transport - WARNING - Retrying request after failure (attempt 0 of 3)
Traceback (most recent call last):
  File "C:\Users\sanji\AppData\Roaming\Python\Python311\site-packages\urllib3\connection.py", line 203, in _new_conn
    sock = connection.create_connection(
           ^^^^^^^^^^^^^^^^^^^^^^^^^^^^^
  File "C:\Users\sanji\AppData\Roaming\Python\Python311\site-packages\urllib3\util\connection.py", line 85, in create_connection
    raise err
  File "C:\Users\sanji\AppData\Roaming\Python\Python311\site-packages\urllib3\util\connection.py", line 73, in create_connection
    sock.connect(sa)
ConnectionRefusedError: [WinError 10061] No connection could be made because the target machine actively refused it

The above exception was the direct cause of the following exception:

Traceback (most recent call last):
  File "C:\Users\sanji\AppData\Roaming\Python\Python311\site-packages\elastic_transport\_node\_http_urllib3.py", line 167, in perform_request
    response = self.pool.urlopen(
               ^^^^^^^^^^^^^^^^^^
  File "C:\Users\sanji\AppData\Roaming\Python\Python311\site-packages\urllib3\connectionpool.py", line 844, in urlopen
    retries = retries.increment(
              ^^^^^^^^^^^^^^^^^^
  File "C:\Users\sanji\AppData\Roaming\Python\Python311\site-packages\urllib3\util\retry.py", line 445, in increment
    raise reraise(type(error), error, _stacktrace)
          ^^^^^^^^^^^^^^^^^^^^^^^^^^^^^^^^^^^^^^^^
  File "C:\Users\sanji\AppData\Roaming\Python\Python311\site-packages\urllib3\util\util.py", line 39, in reraise
    raise value
  File "C:\Users\sanji\AppData\Roaming\Python\Python311\site-packages\urllib3\connectionpool.py", line 790, in urlopen
    response = self._make_request(
               ^^^^^^^^^^^^^^^^^^^
  File "C:\Users\sanji\AppData\Roaming\Python\Python311\site-packages\urllib3\connectionpool.py", line 496, in _make_request
    conn.request(
  File "C:\Users\sanji\AppData\Roaming\Python\Python311\site-packages\urllib3\connection.py", line 395, in request
    self.endheaders()
  File "C:\ProgramData\anaconda3\Lib\http\client.py", line 1298, in endheaders
    self._send_output(message_body, encode_chunked=encode_chunked)
  File "C:\ProgramData\anaconda3\Lib\http\client.py", line 1058, in _send_output
    self.send(msg)
  File "C:\ProgramData\anaconda3\Lib\http\client.py", line 996, in send
    self.connect()
  File "C:\Users\sanji\AppData\Roaming\Python\Python311\site-packages\urllib3\connection.py", line 243, in connect
    self.sock = self._new_conn()
                ^^^^^^^^^^^^^^^^
  File "C:\Users\sanji\AppData\Roaming\Python\Python311\site-packages\urllib3\connection.py", line 218, in _new_conn
    raise NewConnectionError(
urllib3.exceptions.NewConnectionError: <urllib3.connection.HTTPConnection object at 0x000001E2089DA110>: Failed to establish a new connection: [WinError 10061] No connection could be made because the target machine actively refused it

The above exception was the direct cause of the following exception:

Traceback (most recent call last):
  File "C:\Users\sanji\AppData\Roaming\Python\Python311\site-packages\elastic_transport\_transport.py", line 342, in perform_request
    resp = node.perform_request(
           ^^^^^^^^^^^^^^^^^^^^^
  File "C:\Users\sanji\AppData\Roaming\Python\Python311\site-packages\elastic_transport\_node\_http_urllib3.py", line 202, in perform_request
    raise err from e
elastic_transport.ConnectionError: Connection error caused by: NewConnectionError(<urllib3.connection.HTTPConnection object at 0x000001E2089DA110>: Failed to establish a new connection: [WinError 10061] No connection could be made because the target machine actively refused it)
2025-10-16 23:15:04,805 - elastic_transport.transport - INFO - GET http://localhost:9200/ [status:N/A duration:4.088s]
2025-10-16 23:15:04,805 - elastic_transport.node_pool - WARNING - Node <Urllib3HttpNode(http://localhost:9200)> has failed for 2 times in a row, putting on 2 second timeout
2025-10-16 23:15:04,807 - elastic_transport.transport - WARNING - Retrying request after failure (attempt 1 of 3)
Traceback (most recent call last):
  File "C:\Users\sanji\AppData\Roaming\Python\Python311\site-packages\urllib3\connection.py", line 203, in _new_conn
    sock = connection.create_connection(
           ^^^^^^^^^^^^^^^^^^^^^^^^^^^^^
  File "C:\Users\sanji\AppData\Roaming\Python\Python311\site-packages\urllib3\util\connection.py", line 85, in create_connection
    raise err
  File "C:\Users\sanji\AppData\Roaming\Python\Python311\site-packages\urllib3\util\connection.py", line 73, in create_connection
    sock.connect(sa)
ConnectionRefusedError: [WinError 10061] No connection could be made because the target machine actively refused it

The above exception was the direct cause of the following exception:

Traceback (most recent call last):
  File "C:\Users\sanji\AppData\Roaming\Python\Python311\site-packages\elastic_transport\_node\_http_urllib3.py", line 167, in perform_request
    response = self.pool.urlopen(
               ^^^^^^^^^^^^^^^^^^
  File "C:\Users\sanji\AppData\Roaming\Python\Python311\site-packages\urllib3\connectionpool.py", line 844, in urlopen
    retries = retries.increment(
              ^^^^^^^^^^^^^^^^^^
  File "C:\Users\sanji\AppData\Roaming\Python\Python311\site-packages\urllib3\util\retry.py", line 445, in increment
    raise reraise(type(error), error, _stacktrace)
          ^^^^^^^^^^^^^^^^^^^^^^^^^^^^^^^^^^^^^^^^
  File "C:\Users\sanji\AppData\Roaming\Python\Python311\site-packages\urllib3\util\util.py", line 39, in reraise
    raise value
  File "C:\Users\sanji\AppData\Roaming\Python\Python311\site-packages\urllib3\connectionpool.py", line 790, in urlopen
    response = self._make_request(
               ^^^^^^^^^^^^^^^^^^^
  File "C:\Users\sanji\AppData\Roaming\Python\Python311\site-packages\urllib3\connectionpool.py", line 496, in _make_request
    conn.request(
  File "C:\Users\sanji\AppData\Roaming\Python\Python311\site-packages\urllib3\connection.py", line 395, in request
    self.endheaders()
  File "C:\ProgramData\anaconda3\Lib\http\client.py", line 1298, in endheaders
    self._send_output(message_body, encode_chunked=encode_chunked)
  File "C:\ProgramData\anaconda3\Lib\http\client.py", line 1058, in _send_output
    self.send(msg)
  File "C:\ProgramData\anaconda3\Lib\http\client.py", line 996, in send
    self.connect()
  File "C:\Users\sanji\AppData\Roaming\Python\Python311\site-packages\urllib3\connection.py", line 243, in connect
    self.sock = self._new_conn()
                ^^^^^^^^^^^^^^^^
  File "C:\Users\sanji\AppData\Roaming\Python\Python311\site-packages\urllib3\connection.py", line 218, in _new_conn
    raise NewConnectionError(
urllib3.exceptions.NewConnectionError: <urllib3.connection.HTTPConnection object at 0x000001E208A257D0>: Failed to establish a new connection: [WinError 10061] No connection could be made because the target machine actively refused it

The above exception was the direct cause of the following exception:

Traceback (most recent call last):
  File "C:\Users\sanji\AppData\Roaming\Python\Python311\site-packages\elastic_transport\_transport.py", line 342, in perform_request
    resp = node.perform_request(
           ^^^^^^^^^^^^^^^^^^^^^
  File "C:\Users\sanji\AppData\Roaming\Python\Python311\site-packages\elastic_transport\_node\_http_urllib3.py", line 202, in perform_request
    raise err from e
elastic_transport.ConnectionError: Connection error caused by: NewConnectionError(<urllib3.connection.HTTPConnection object at 0x000001E208A257D0>: Failed to establish a new connection: [WinError 10061] No connection could be made because the target machine actively refused it)
2025-10-16 23:15:04,812 - elastic_transport.node_pool - INFO - Resurrected node <Urllib3HttpNode(http://localhost:9200)> (force=False)
2025-10-16 23:15:08,881 - elastic_transport.transport - INFO - GET http://localhost:9200/ [status:N/A duration:4.068s]
2025-10-16 23:15:08,882 - elastic_transport.node_pool - WARNING - Node <Urllib3HttpNode(http://localhost:9200)> has failed for 3 times in a row, putting on 4 second timeout
2025-10-16 23:15:08,882 - elastic_transport.transport - WARNING - Retrying request after failure (attempt 2 of 3)
Traceback (most recent call last):
  File "C:\Users\sanji\AppData\Roaming\Python\Python311\site-packages\urllib3\connection.py", line 203, in _new_conn
    sock = connection.create_connection(
           ^^^^^^^^^^^^^^^^^^^^^^^^^^^^^
  File "C:\Users\sanji\AppData\Roaming\Python\Python311\site-packages\urllib3\util\connection.py", line 85, in create_connection
    raise err
  File "C:\Users\sanji\AppData\Roaming\Python\Python311\site-packages\urllib3\util\connection.py", line 73, in create_connection
    sock.connect(sa)
ConnectionRefusedError: [WinError 10061] No connection could be made because the target machine actively refused it

The above exception was the direct cause of the following exception:

Traceback (most recent call last):
  File "C:\Users\sanji\AppData\Roaming\Python\Python311\site-packages\elastic_transport\_node\_http_urllib3.py", line 167, in perform_request
    response = self.pool.urlopen(
               ^^^^^^^^^^^^^^^^^^
  File "C:\Users\sanji\AppData\Roaming\Python\Python311\site-packages\urllib3\connectionpool.py", line 844, in urlopen
    retries = retries.increment(
              ^^^^^^^^^^^^^^^^^^
  File "C:\Users\sanji\AppData\Roaming\Python\Python311\site-packages\urllib3\util\retry.py", line 445, in increment
    raise reraise(type(error), error, _stacktrace)
          ^^^^^^^^^^^^^^^^^^^^^^^^^^^^^^^^^^^^^^^^
  File "C:\Users\sanji\AppData\Roaming\Python\Python311\site-packages\urllib3\util\util.py", line 39, in reraise
    raise value
  File "C:\Users\sanji\AppData\Roaming\Python\Python311\site-packages\urllib3\connectionpool.py", line 790, in urlopen
    response = self._make_request(
               ^^^^^^^^^^^^^^^^^^^
  File "C:\Users\sanji\AppData\Roaming\Python\Python311\site-packages\urllib3\connectionpool.py", line 496, in _make_request
    conn.request(
  File "C:\Users\sanji\AppData\Roaming\Python\Python311\site-packages\urllib3\connection.py", line 395, in request
    self.endheaders()
  File "C:\ProgramData\anaconda3\Lib\http\client.py", line 1298, in endheaders
    self._send_output(message_body, encode_chunked=encode_chunked)
  File "C:\ProgramData\anaconda3\Lib\http\client.py", line 1058, in _send_output
    self.send(msg)
  File "C:\ProgramData\anaconda3\Lib\http\client.py", line 996, in send
    self.connect()
  File "C:\Users\sanji\AppData\Roaming\Python\Python311\site-packages\urllib3\connection.py", line 243, in connect
    self.sock = self._new_conn()
                ^^^^^^^^^^^^^^^^
  File "C:\Users\sanji\AppData\Roaming\Python\Python311\site-packages\urllib3\connection.py", line 218, in _new_conn
    raise NewConnectionError(
urllib3.exceptions.NewConnectionError: <urllib3.connection.HTTPConnection object at 0x000001E208A26550>: Failed to establish a new connection: [WinError 10061] No connection could be made because the target machine actively refused it

The above exception was the direct cause of the following exception:

Traceback (most recent call last):
  File "C:\Users\sanji\AppData\Roaming\Python\Python311\site-packages\elastic_transport\_transport.py", line 342, in perform_request
    resp = node.perform_request(
           ^^^^^^^^^^^^^^^^^^^^^
  File "C:\Users\sanji\AppData\Roaming\Python\Python311\site-packages\elastic_transport\_node\_http_urllib3.py", line 202, in perform_request
    raise err from e
elastic_transport.ConnectionError: Connection error caused by: NewConnectionError(<urllib3.connection.HTTPConnection object at 0x000001E208A26550>: Failed to establish a new connection: [WinError 10061] No connection could be made because the target machine actively refused it)
2025-10-16 23:15:08,885 - elastic_transport.node_pool - INFO - Resurrected node <Urllib3HttpNode(http://localhost:9200)> (force=False)
2025-10-16 23:15:12,965 - elastic_transport.transport - INFO - GET http://localhost:9200/ [status:N/A duration:4.080s]
2025-10-16 23:15:12,967 - elastic_transport.node_pool - WARNING - Node <Urllib3HttpNode(http://localhost:9200)> has failed for 4 times in a row, putting on 8 second timeout
2025-10-16 23:15:12,967 - elasticsearch_manager - ERROR - ElasticSearch connection test failed: Connection error caused by: ConnectionError(Connection error caused by: NewConnectionError(<urllib3.connection.HTTPConnection object at 0x000001E2089DA110>: Failed to establish a new connection: [WinError 10061] No connection could be made because the target machine actively refused it))
2025-10-16 23:15:12,967 - elasticsearch_manager - INFO - Connected to ElasticSearch at localhost:9200
2025-10-16 23:15:12,967 - rag_pipeline - INFO - Loading PubMedBERT model: microsoft/BiomedNLP-PubMedBERT-base-uncased-abstract-fulltext
2025-10-16 23:15:15,550 - rag_pipeline - INFO - PubMedBERT model loaded successfully
2025-10-16 23:15:15,550 - src.medical_rag_system - INFO - Medical RAG System initialized successfully
2025-10-16 23:15:15,550 - src.medical_rag_system - INFO - Processing 6 PDF documents
2025-10-16 23:15:15,550 - pdf_processor - INFO - Processing PDF: data\00033512.pdf
2025-10-16 23:15:18,548 - src.medical_rag_system - INFO - Successfully processed 00033512.pdf: 78 chunks
2025-10-16 23:15:18,549 - pdf_processor - INFO - Processing PDF: data\00058090.pdf
2025-10-16 23:15:20,989 - src.medical_rag_system - INFO - Successfully processed 00058090.pdf: 100 chunks
2025-10-16 23:15:20,990 - pdf_processor - INFO - Processing PDF: data\00068263.pdf
2025-10-16 23:15:23,256 - src.medical_rag_system - INFO - Successfully processed 00068263.pdf: 93 chunks
2025-10-16 23:15:23,257 - pdf_processor - INFO - Processing PDF: data\00071859.pdf
2025-10-16 23:15:25,840 - src.medical_rag_system - INFO - Successfully processed 00071859.pdf: 107 chunks
2025-10-16 23:15:25,840 - pdf_processor - INFO - Processing PDF: data\00074795.pdf
2025-10-16 23:15:27,276 - src.medical_rag_system - INFO - Successfully processed 00074795.pdf: 58 chunks
2025-10-16 23:15:27,277 - pdf_processor - INFO - Processing PDF: data\00078801.pdf
2025-10-16 23:15:29,251 - src.medical_rag_system - INFO - Successfully processed 00078801.pdf: 71 chunks
2025-10-16 23:15:29,251 - src.medical_rag_system - INFO - Generating embeddings for 507 chunks
2025-10-16 23:15:29,253 - embedding_manager - INFO - Generating embeddings for 507 texts
2025-10-16 23:17:37,866 - embedding_manager - INFO - Adding 507 embeddings to existing index
2025-10-16 23:17:37,892 - embedding_manager - INFO - Saved FAISS index to C:\G\chatbot maclens\vector_db\faiss_index.bin
2025-10-16 23:17:37,916 - embedding_manager - INFO - Saved metadata to C:\G\chatbot maclens\vector_db\metadata.pkl
2025-10-16 23:17:37,917 - embedding_manager - INFO - Index now contains 4262 vectors
2025-10-16 23:17:37,918 - elasticsearch_manager - ERROR - ElasticSearch client not available
2025-10-16 23:17:37,918 - elasticsearch_manager - ERROR - ElasticSearch client not available
2025-10-16 23:17:37,919 - src.medical_rag_system - INFO - Successfully indexed all documents
2025-10-16 23:18:07,582 - src.medical_rag_system - INFO - Initializing Medical RAG System
2025-10-16 23:18:08,062 - embedding_manager - INFO - Loading PubMedBERT model: microsoft/BiomedNLP-PubMedBERT-base-uncased-abstract-fulltext
2025-10-16 23:18:10,369 - embedding_manager - INFO - Loaded FAISS index with 4262 vectors
2025-10-16 23:18:14,448 - elastic_transport.transport - INFO - GET http://localhost:9200/ [status:N/A duration:4.077s]
2025-10-16 23:18:14,449 - elastic_transport.node_pool - WARNING - Node <Urllib3HttpNode(http://localhost:9200)> has failed for 1 times in a row, putting on 1 second timeout
2025-10-16 23:18:14,449 - elastic_transport.transport - WARNING - Retrying request after failure (attempt 0 of 3)
Traceback (most recent call last):
  File "C:\Users\sanji\AppData\Roaming\Python\Python311\site-packages\urllib3\connection.py", line 203, in _new_conn
    sock = connection.create_connection(
           ^^^^^^^^^^^^^^^^^^^^^^^^^^^^^
  File "C:\Users\sanji\AppData\Roaming\Python\Python311\site-packages\urllib3\util\connection.py", line 85, in create_connection
    raise err
  File "C:\Users\sanji\AppData\Roaming\Python\Python311\site-packages\urllib3\util\connection.py", line 73, in create_connection
    sock.connect(sa)
ConnectionRefusedError: [WinError 10061] No connection could be made because the target machine actively refused it

The above exception was the direct cause of the following exception:

Traceback (most recent call last):
  File "C:\Users\sanji\AppData\Roaming\Python\Python311\site-packages\elastic_transport\_node\_http_urllib3.py", line 167, in perform_request
    response = self.pool.urlopen(
               ^^^^^^^^^^^^^^^^^^
  File "C:\Users\sanji\AppData\Roaming\Python\Python311\site-packages\urllib3\connectionpool.py", line 844, in urlopen
    retries = retries.increment(
              ^^^^^^^^^^^^^^^^^^
  File "C:\Users\sanji\AppData\Roaming\Python\Python311\site-packages\urllib3\util\retry.py", line 445, in increment
    raise reraise(type(error), error, _stacktrace)
          ^^^^^^^^^^^^^^^^^^^^^^^^^^^^^^^^^^^^^^^^
  File "C:\Users\sanji\AppData\Roaming\Python\Python311\site-packages\urllib3\util\util.py", line 39, in reraise
    raise value
  File "C:\Users\sanji\AppData\Roaming\Python\Python311\site-packages\urllib3\connectionpool.py", line 790, in urlopen
    response = self._make_request(
               ^^^^^^^^^^^^^^^^^^^
  File "C:\Users\sanji\AppData\Roaming\Python\Python311\site-packages\urllib3\connectionpool.py", line 496, in _make_request
    conn.request(
  File "C:\Users\sanji\AppData\Roaming\Python\Python311\site-packages\urllib3\connection.py", line 395, in request
    self.endheaders()
  File "C:\ProgramData\anaconda3\Lib\http\client.py", line 1298, in endheaders
    self._send_output(message_body, encode_chunked=encode_chunked)
  File "C:\ProgramData\anaconda3\Lib\http\client.py", line 1058, in _send_output
    self.send(msg)
  File "C:\ProgramData\anaconda3\Lib\http\client.py", line 996, in send
    self.connect()
  File "C:\Users\sanji\AppData\Roaming\Python\Python311\site-packages\urllib3\connection.py", line 243, in connect
    self.sock = self._new_conn()
                ^^^^^^^^^^^^^^^^
  File "C:\Users\sanji\AppData\Roaming\Python\Python311\site-packages\urllib3\connection.py", line 218, in _new_conn
    raise NewConnectionError(
urllib3.exceptions.NewConnectionError: <urllib3.connection.HTTPConnection object at 0x000001EC854BA850>: Failed to establish a new connection: [WinError 10061] No connection could be made because the target machine actively refused it

The above exception was the direct cause of the following exception:

Traceback (most recent call last):
  File "C:\Users\sanji\AppData\Roaming\Python\Python311\site-packages\elastic_transport\_transport.py", line 342, in perform_request
    resp = node.perform_request(
           ^^^^^^^^^^^^^^^^^^^^^
  File "C:\Users\sanji\AppData\Roaming\Python\Python311\site-packages\elastic_transport\_node\_http_urllib3.py", line 202, in perform_request
    raise err from e
elastic_transport.ConnectionError: Connection error caused by: NewConnectionError(<urllib3.connection.HTTPConnection object at 0x000001EC854BA850>: Failed to establish a new connection: [WinError 10061] No connection could be made because the target machine actively refused it)
2025-10-16 23:18:18,526 - elastic_transport.transport - INFO - GET http://localhost:9200/ [status:N/A duration:4.073s]
2025-10-16 23:18:18,527 - elastic_transport.node_pool - WARNING - Node <Urllib3HttpNode(http://localhost:9200)> has failed for 2 times in a row, putting on 2 second timeout
2025-10-16 23:18:18,527 - elastic_transport.transport - WARNING - Retrying request after failure (attempt 1 of 3)
Traceback (most recent call last):
  File "C:\Users\sanji\AppData\Roaming\Python\Python311\site-packages\urllib3\connection.py", line 203, in _new_conn
    sock = connection.create_connection(
           ^^^^^^^^^^^^^^^^^^^^^^^^^^^^^
  File "C:\Users\sanji\AppData\Roaming\Python\Python311\site-packages\urllib3\util\connection.py", line 85, in create_connection
    raise err
  File "C:\Users\sanji\AppData\Roaming\Python\Python311\site-packages\urllib3\util\connection.py", line 73, in create_connection
    sock.connect(sa)
ConnectionRefusedError: [WinError 10061] No connection could be made because the target machine actively refused it

The above exception was the direct cause of the following exception:

Traceback (most recent call last):
  File "C:\Users\sanji\AppData\Roaming\Python\Python311\site-packages\elastic_transport\_node\_http_urllib3.py", line 167, in perform_request
    response = self.pool.urlopen(
               ^^^^^^^^^^^^^^^^^^
  File "C:\Users\sanji\AppData\Roaming\Python\Python311\site-packages\urllib3\connectionpool.py", line 844, in urlopen
    retries = retries.increment(
              ^^^^^^^^^^^^^^^^^^
  File "C:\Users\sanji\AppData\Roaming\Python\Python311\site-packages\urllib3\util\retry.py", line 445, in increment
    raise reraise(type(error), error, _stacktrace)
          ^^^^^^^^^^^^^^^^^^^^^^^^^^^^^^^^^^^^^^^^
  File "C:\Users\sanji\AppData\Roaming\Python\Python311\site-packages\urllib3\util\util.py", line 39, in reraise
    raise value
  File "C:\Users\sanji\AppData\Roaming\Python\Python311\site-packages\urllib3\connectionpool.py", line 790, in urlopen
    response = self._make_request(
               ^^^^^^^^^^^^^^^^^^^
  File "C:\Users\sanji\AppData\Roaming\Python\Python311\site-packages\urllib3\connectionpool.py", line 496, in _make_request
    conn.request(
  File "C:\Users\sanji\AppData\Roaming\Python\Python311\site-packages\urllib3\connection.py", line 395, in request
    self.endheaders()
  File "C:\ProgramData\anaconda3\Lib\http\client.py", line 1298, in endheaders
    self._send_output(message_body, encode_chunked=encode_chunked)
  File "C:\ProgramData\anaconda3\Lib\http\client.py", line 1058, in _send_output
    self.send(msg)
  File "C:\ProgramData\anaconda3\Lib\http\client.py", line 996, in send
    self.connect()
  File "C:\Users\sanji\AppData\Roaming\Python\Python311\site-packages\urllib3\connection.py", line 243, in connect
    self.sock = self._new_conn()
                ^^^^^^^^^^^^^^^^
  File "C:\Users\sanji\AppData\Roaming\Python\Python311\site-packages\urllib3\connection.py", line 218, in _new_conn
    raise NewConnectionError(
urllib3.exceptions.NewConnectionError: <urllib3.connection.HTTPConnection object at 0x000001EC864D1E90>: Failed to establish a new connection: [WinError 10061] No connection could be made because the target machine actively refused it

The above exception was the direct cause of the following exception:

Traceback (most recent call last):
  File "C:\Users\sanji\AppData\Roaming\Python\Python311\site-packages\elastic_transport\_transport.py", line 342, in perform_request
    resp = node.perform_request(
           ^^^^^^^^^^^^^^^^^^^^^
  File "C:\Users\sanji\AppData\Roaming\Python\Python311\site-packages\elastic_transport\_node\_http_urllib3.py", line 202, in perform_request
    raise err from e
elastic_transport.ConnectionError: Connection error caused by: NewConnectionError(<urllib3.connection.HTTPConnection object at 0x000001EC864D1E90>: Failed to establish a new connection: [WinError 10061] No connection could be made because the target machine actively refused it)
2025-10-16 23:18:18,531 - elastic_transport.node_pool - INFO - Resurrected node <Urllib3HttpNode(http://localhost:9200)> (force=False)
2025-10-16 23:18:22,625 - elastic_transport.transport - INFO - GET http://localhost:9200/ [status:N/A duration:4.093s]
2025-10-16 23:18:22,627 - elastic_transport.node_pool - WARNING - Node <Urllib3HttpNode(http://localhost:9200)> has failed for 3 times in a row, putting on 4 second timeout
2025-10-16 23:18:22,627 - elastic_transport.transport - WARNING - Retrying request after failure (attempt 2 of 3)
Traceback (most recent call last):
  File "C:\Users\sanji\AppData\Roaming\Python\Python311\site-packages\urllib3\connection.py", line 203, in _new_conn
    sock = connection.create_connection(
           ^^^^^^^^^^^^^^^^^^^^^^^^^^^^^
  File "C:\Users\sanji\AppData\Roaming\Python\Python311\site-packages\urllib3\util\connection.py", line 85, in create_connection
    raise err
  File "C:\Users\sanji\AppData\Roaming\Python\Python311\site-packages\urllib3\util\connection.py", line 73, in create_connection
    sock.connect(sa)
ConnectionRefusedError: [WinError 10061] No connection could be made because the target machine actively refused it

The above exception was the direct cause of the following exception:

Traceback (most recent call last):
  File "C:\Users\sanji\AppData\Roaming\Python\Python311\site-packages\elastic_transport\_node\_http_urllib3.py", line 167, in perform_request
    response = self.pool.urlopen(
               ^^^^^^^^^^^^^^^^^^
  File "C:\Users\sanji\AppData\Roaming\Python\Python311\site-packages\urllib3\connectionpool.py", line 844, in urlopen
    retries = retries.increment(
              ^^^^^^^^^^^^^^^^^^
  File "C:\Users\sanji\AppData\Roaming\Python\Python311\site-packages\urllib3\util\retry.py", line 445, in increment
    raise reraise(type(error), error, _stacktrace)
          ^^^^^^^^^^^^^^^^^^^^^^^^^^^^^^^^^^^^^^^^
  File "C:\Users\sanji\AppData\Roaming\Python\Python311\site-packages\urllib3\util\util.py", line 39, in reraise
    raise value
  File "C:\Users\sanji\AppData\Roaming\Python\Python311\site-packages\urllib3\connectionpool.py", line 790, in urlopen
    response = self._make_request(
               ^^^^^^^^^^^^^^^^^^^
  File "C:\Users\sanji\AppData\Roaming\Python\Python311\site-packages\urllib3\connectionpool.py", line 496, in _make_request
    conn.request(
  File "C:\Users\sanji\AppData\Roaming\Python\Python311\site-packages\urllib3\connection.py", line 395, in request
    self.endheaders()
  File "C:\ProgramData\anaconda3\Lib\http\client.py", line 1298, in endheaders
    self._send_output(message_body, encode_chunked=encode_chunked)
  File "C:\ProgramData\anaconda3\Lib\http\client.py", line 1058, in _send_output
    self.send(msg)
  File "C:\ProgramData\anaconda3\Lib\http\client.py", line 996, in send
    self.connect()
  File "C:\Users\sanji\AppData\Roaming\Python\Python311\site-packages\urllib3\connection.py", line 243, in connect
    self.sock = self._new_conn()
                ^^^^^^^^^^^^^^^^
  File "C:\Users\sanji\AppData\Roaming\Python\Python311\site-packages\urllib3\connection.py", line 218, in _new_conn
    raise NewConnectionError(
urllib3.exceptions.NewConnectionError: <urllib3.connection.HTTPConnection object at 0x000001EC864D2C50>: Failed to establish a new connection: [WinError 10061] No connection could be made because the target machine actively refused it

The above exception was the direct cause of the following exception:

Traceback (most recent call last):
  File "C:\Users\sanji\AppData\Roaming\Python\Python311\site-packages\elastic_transport\_transport.py", line 342, in perform_request
    resp = node.perform_request(
           ^^^^^^^^^^^^^^^^^^^^^
  File "C:\Users\sanji\AppData\Roaming\Python\Python311\site-packages\elastic_transport\_node\_http_urllib3.py", line 202, in perform_request
    raise err from e
elastic_transport.ConnectionError: Connection error caused by: NewConnectionError(<urllib3.connection.HTTPConnection object at 0x000001EC864D2C50>: Failed to establish a new connection: [WinError 10061] No connection could be made because the target machine actively refused it)
2025-10-16 23:18:22,632 - elastic_transport.node_pool - INFO - Resurrected node <Urllib3HttpNode(http://localhost:9200)> (force=False)
2025-10-16 23:18:26,718 - elastic_transport.transport - INFO - GET http://localhost:9200/ [status:N/A duration:4.087s]
2025-10-16 23:18:26,718 - elastic_transport.node_pool - WARNING - Node <Urllib3HttpNode(http://localhost:9200)> has failed for 4 times in a row, putting on 8 second timeout
2025-10-16 23:18:26,720 - elasticsearch_manager - ERROR - ElasticSearch connection test failed: Connection error caused by: ConnectionError(Connection error caused by: NewConnectionError(<urllib3.connection.HTTPConnection object at 0x000001EC854BA850>: Failed to establish a new connection: [WinError 10061] No connection could be made because the target machine actively refused it))
2025-10-16 23:18:26,720 - elasticsearch_manager - INFO - Connected to ElasticSearch at localhost:9200
2025-10-16 23:18:26,720 - rag_pipeline - INFO - Loading PubMedBERT model: microsoft/BiomedNLP-PubMedBERT-base-uncased-abstract-fulltext
2025-10-16 23:18:28,934 - rag_pipeline - INFO - PubMedBERT model loaded successfully
2025-10-16 23:18:28,935 - src.medical_rag_system - INFO - Medical RAG System initialized successfully
2025-10-16 23:18:28,936 - src.medical_rag_system - INFO - Answering question: how does gravol work?
2025-10-16 23:18:28,936 - src.medical_rag_system - INFO - Searching for: how does gravol work?
2025-10-16 23:18:28,937 - embedding_manager - INFO - Generating embeddings for 1 texts
2025-10-16 23:18:29,409 - elasticsearch_manager - ERROR - ElasticSearch client not available
2025-10-16 23:18:29,409 - elasticsearch_manager - ERROR - ElasticSearch client not available
2025-10-16 23:18:29,410 - rag_pipeline - INFO - Answering question: how does gravol work?
2025-10-16 23:19:26,745 - rag_pipeline - WARNING - PubMedBERT generation failed: The expanded size of the tensor (513) must match the existing size (512) at non-singleton dimension 1.  Target sizes: [1, 513].  Tensor sizes: [1, 512]
2025-10-16 23:19:26,745 - rag_pipeline - INFO - Using fallback extraction method
2025-10-16 23:19:26,745 - rag_pipeline - INFO - Prompt length: 4957 characters
2025-10-16 23:19:26,745 - rag_pipeline - INFO - First 200 chars of prompt: <|endoftext|>You are a specialized medical AI assistant with expertise in pharmaceutical and clinical literature analysis. Your role is to provide accurate, evidence-based answers using only the provi
2025-10-16 23:19:26,745 - rag_pipeline - INFO - Context start position: 224
2025-10-16 23:19:26,746 - rag_pipeline - INFO - Question: how does gravol work?
2025-10-16 23:19:26,746 - rag_pipeline - INFO - Context length: 4733 characters
2025-10-16 23:19:26,746 - rag_pipeline - INFO - Target drug detected: gravol
2025-10-16 23:19:26,746 - rag_pipeline - INFO - Is contraindication question: False
2025-10-16 23:35:26,456 - src.medical_rag_system - INFO - Initializing Medical RAG System
2025-10-16 23:35:26,958 - embedding_manager - INFO - Loading PubMedBERT model: microsoft/BiomedNLP-PubMedBERT-base-uncased-abstract-fulltext
2025-10-16 23:35:29,250 - embedding_manager - INFO - Loaded FAISS index with 4262 vectors
2025-10-16 23:35:33,312 - elastic_transport.transport - INFO - GET http://localhost:9200/ [status:N/A duration:4.062s]
2025-10-16 23:35:33,313 - elastic_transport.node_pool - WARNING - Node <Urllib3HttpNode(http://localhost:9200)> has failed for 1 times in a row, putting on 1 second timeout
2025-10-16 23:35:33,313 - elastic_transport.transport - WARNING - Retrying request after failure (attempt 0 of 3)
Traceback (most recent call last):
  File "C:\Users\sanji\AppData\Roaming\Python\Python311\site-packages\urllib3\connection.py", line 203, in _new_conn
    sock = connection.create_connection(
           ^^^^^^^^^^^^^^^^^^^^^^^^^^^^^
  File "C:\Users\sanji\AppData\Roaming\Python\Python311\site-packages\urllib3\util\connection.py", line 85, in create_connection
    raise err
  File "C:\Users\sanji\AppData\Roaming\Python\Python311\site-packages\urllib3\util\connection.py", line 73, in create_connection
    sock.connect(sa)
ConnectionRefusedError: [WinError 10061] No connection could be made because the target machine actively refused it

The above exception was the direct cause of the following exception:

Traceback (most recent call last):
  File "C:\Users\sanji\AppData\Roaming\Python\Python311\site-packages\elastic_transport\_node\_http_urllib3.py", line 167, in perform_request
    response = self.pool.urlopen(
               ^^^^^^^^^^^^^^^^^^
  File "C:\Users\sanji\AppData\Roaming\Python\Python311\site-packages\urllib3\connectionpool.py", line 844, in urlopen
    retries = retries.increment(
              ^^^^^^^^^^^^^^^^^^
  File "C:\Users\sanji\AppData\Roaming\Python\Python311\site-packages\urllib3\util\retry.py", line 445, in increment
    raise reraise(type(error), error, _stacktrace)
          ^^^^^^^^^^^^^^^^^^^^^^^^^^^^^^^^^^^^^^^^
  File "C:\Users\sanji\AppData\Roaming\Python\Python311\site-packages\urllib3\util\util.py", line 39, in reraise
    raise value
  File "C:\Users\sanji\AppData\Roaming\Python\Python311\site-packages\urllib3\connectionpool.py", line 790, in urlopen
    response = self._make_request(
               ^^^^^^^^^^^^^^^^^^^
  File "C:\Users\sanji\AppData\Roaming\Python\Python311\site-packages\urllib3\connectionpool.py", line 496, in _make_request
    conn.request(
  File "C:\Users\sanji\AppData\Roaming\Python\Python311\site-packages\urllib3\connection.py", line 395, in request
    self.endheaders()
  File "C:\ProgramData\anaconda3\Lib\http\client.py", line 1298, in endheaders
    self._send_output(message_body, encode_chunked=encode_chunked)
  File "C:\ProgramData\anaconda3\Lib\http\client.py", line 1058, in _send_output
    self.send(msg)
  File "C:\ProgramData\anaconda3\Lib\http\client.py", line 996, in send
    self.connect()
  File "C:\Users\sanji\AppData\Roaming\Python\Python311\site-packages\urllib3\connection.py", line 243, in connect
    self.sock = self._new_conn()
                ^^^^^^^^^^^^^^^^
  File "C:\Users\sanji\AppData\Roaming\Python\Python311\site-packages\urllib3\connection.py", line 218, in _new_conn
    raise NewConnectionError(
urllib3.exceptions.NewConnectionError: <urllib3.connection.HTTPConnection object at 0x0000027B0CE6E810>: Failed to establish a new connection: [WinError 10061] No connection could be made because the target machine actively refused it

The above exception was the direct cause of the following exception:

Traceback (most recent call last):
  File "C:\Users\sanji\AppData\Roaming\Python\Python311\site-packages\elastic_transport\_transport.py", line 342, in perform_request
    resp = node.perform_request(
           ^^^^^^^^^^^^^^^^^^^^^
  File "C:\Users\sanji\AppData\Roaming\Python\Python311\site-packages\elastic_transport\_node\_http_urllib3.py", line 202, in perform_request
    raise err from e
elastic_transport.ConnectionError: Connection error caused by: NewConnectionError(<urllib3.connection.HTTPConnection object at 0x0000027B0CE6E810>: Failed to establish a new connection: [WinError 10061] No connection could be made because the target machine actively refused it)
2025-10-16 23:35:37,387 - elastic_transport.transport - INFO - GET http://localhost:9200/ [status:N/A duration:4.068s]
2025-10-16 23:35:37,388 - elastic_transport.node_pool - WARNING - Node <Urllib3HttpNode(http://localhost:9200)> has failed for 2 times in a row, putting on 2 second timeout
2025-10-16 23:35:37,388 - elastic_transport.transport - WARNING - Retrying request after failure (attempt 1 of 3)
Traceback (most recent call last):
  File "C:\Users\sanji\AppData\Roaming\Python\Python311\site-packages\urllib3\connection.py", line 203, in _new_conn
    sock = connection.create_connection(
           ^^^^^^^^^^^^^^^^^^^^^^^^^^^^^
  File "C:\Users\sanji\AppData\Roaming\Python\Python311\site-packages\urllib3\util\connection.py", line 85, in create_connection
    raise err
  File "C:\Users\sanji\AppData\Roaming\Python\Python311\site-packages\urllib3\util\connection.py", line 73, in create_connection
    sock.connect(sa)
ConnectionRefusedError: [WinError 10061] No connection could be made because the target machine actively refused it

The above exception was the direct cause of the following exception:

Traceback (most recent call last):
  File "C:\Users\sanji\AppData\Roaming\Python\Python311\site-packages\elastic_transport\_node\_http_urllib3.py", line 167, in perform_request
    response = self.pool.urlopen(
               ^^^^^^^^^^^^^^^^^^
  File "C:\Users\sanji\AppData\Roaming\Python\Python311\site-packages\urllib3\connectionpool.py", line 844, in urlopen
    retries = retries.increment(
              ^^^^^^^^^^^^^^^^^^
  File "C:\Users\sanji\AppData\Roaming\Python\Python311\site-packages\urllib3\util\retry.py", line 445, in increment
    raise reraise(type(error), error, _stacktrace)
          ^^^^^^^^^^^^^^^^^^^^^^^^^^^^^^^^^^^^^^^^
  File "C:\Users\sanji\AppData\Roaming\Python\Python311\site-packages\urllib3\util\util.py", line 39, in reraise
    raise value
  File "C:\Users\sanji\AppData\Roaming\Python\Python311\site-packages\urllib3\connectionpool.py", line 790, in urlopen
    response = self._make_request(
               ^^^^^^^^^^^^^^^^^^^
  File "C:\Users\sanji\AppData\Roaming\Python\Python311\site-packages\urllib3\connectionpool.py", line 496, in _make_request
    conn.request(
  File "C:\Users\sanji\AppData\Roaming\Python\Python311\site-packages\urllib3\connection.py", line 395, in request
    self.endheaders()
  File "C:\ProgramData\anaconda3\Lib\http\client.py", line 1298, in endheaders
    self._send_output(message_body, encode_chunked=encode_chunked)
  File "C:\ProgramData\anaconda3\Lib\http\client.py", line 1058, in _send_output
    self.send(msg)
  File "C:\ProgramData\anaconda3\Lib\http\client.py", line 996, in send
    self.connect()
  File "C:\Users\sanji\AppData\Roaming\Python\Python311\site-packages\urllib3\connection.py", line 243, in connect
    self.sock = self._new_conn()
                ^^^^^^^^^^^^^^^^
  File "C:\Users\sanji\AppData\Roaming\Python\Python311\site-packages\urllib3\connection.py", line 218, in _new_conn
    raise NewConnectionError(
urllib3.exceptions.NewConnectionError: <urllib3.connection.HTTPConnection object at 0x0000027B0CEB5FD0>: Failed to establish a new connection: [WinError 10061] No connection could be made because the target machine actively refused it

The above exception was the direct cause of the following exception:

Traceback (most recent call last):
  File "C:\Users\sanji\AppData\Roaming\Python\Python311\site-packages\elastic_transport\_transport.py", line 342, in perform_request
    resp = node.perform_request(
           ^^^^^^^^^^^^^^^^^^^^^
  File "C:\Users\sanji\AppData\Roaming\Python\Python311\site-packages\elastic_transport\_node\_http_urllib3.py", line 202, in perform_request
    raise err from e
elastic_transport.ConnectionError: Connection error caused by: NewConnectionError(<urllib3.connection.HTTPConnection object at 0x0000027B0CEB5FD0>: Failed to establish a new connection: [WinError 10061] No connection could be made because the target machine actively refused it)
2025-10-16 23:35:37,392 - elastic_transport.node_pool - INFO - Resurrected node <Urllib3HttpNode(http://localhost:9200)> (force=False)
2025-10-16 23:35:41,463 - elastic_transport.transport - INFO - GET http://localhost:9200/ [status:N/A duration:4.069s]
2025-10-16 23:35:41,464 - elastic_transport.node_pool - WARNING - Node <Urllib3HttpNode(http://localhost:9200)> has failed for 3 times in a row, putting on 4 second timeout
2025-10-16 23:35:41,464 - elastic_transport.transport - WARNING - Retrying request after failure (attempt 2 of 3)
Traceback (most recent call last):
  File "C:\Users\sanji\AppData\Roaming\Python\Python311\site-packages\urllib3\connection.py", line 203, in _new_conn
    sock = connection.create_connection(
           ^^^^^^^^^^^^^^^^^^^^^^^^^^^^^
  File "C:\Users\sanji\AppData\Roaming\Python\Python311\site-packages\urllib3\util\connection.py", line 85, in create_connection
    raise err
  File "C:\Users\sanji\AppData\Roaming\Python\Python311\site-packages\urllib3\util\connection.py", line 73, in create_connection
    sock.connect(sa)
ConnectionRefusedError: [WinError 10061] No connection could be made because the target machine actively refused it

The above exception was the direct cause of the following exception:

Traceback (most recent call last):
  File "C:\Users\sanji\AppData\Roaming\Python\Python311\site-packages\elastic_transport\_node\_http_urllib3.py", line 167, in perform_request
    response = self.pool.urlopen(
               ^^^^^^^^^^^^^^^^^^
  File "C:\Users\sanji\AppData\Roaming\Python\Python311\site-packages\urllib3\connectionpool.py", line 844, in urlopen
    retries = retries.increment(
              ^^^^^^^^^^^^^^^^^^
  File "C:\Users\sanji\AppData\Roaming\Python\Python311\site-packages\urllib3\util\retry.py", line 445, in increment
    raise reraise(type(error), error, _stacktrace)
          ^^^^^^^^^^^^^^^^^^^^^^^^^^^^^^^^^^^^^^^^
  File "C:\Users\sanji\AppData\Roaming\Python\Python311\site-packages\urllib3\util\util.py", line 39, in reraise
    raise value
  File "C:\Users\sanji\AppData\Roaming\Python\Python311\site-packages\urllib3\connectionpool.py", line 790, in urlopen
    response = self._make_request(
               ^^^^^^^^^^^^^^^^^^^
  File "C:\Users\sanji\AppData\Roaming\Python\Python311\site-packages\urllib3\connectionpool.py", line 496, in _make_request
    conn.request(
  File "C:\Users\sanji\AppData\Roaming\Python\Python311\site-packages\urllib3\connection.py", line 395, in request
    self.endheaders()
  File "C:\ProgramData\anaconda3\Lib\http\client.py", line 1298, in endheaders
    self._send_output(message_body, encode_chunked=encode_chunked)
  File "C:\ProgramData\anaconda3\Lib\http\client.py", line 1058, in _send_output
    self.send(msg)
  File "C:\ProgramData\anaconda3\Lib\http\client.py", line 996, in send
    self.connect()
  File "C:\Users\sanji\AppData\Roaming\Python\Python311\site-packages\urllib3\connection.py", line 243, in connect
    self.sock = self._new_conn()
                ^^^^^^^^^^^^^^^^
  File "C:\Users\sanji\AppData\Roaming\Python\Python311\site-packages\urllib3\connection.py", line 218, in _new_conn
    raise NewConnectionError(
urllib3.exceptions.NewConnectionError: <urllib3.connection.HTTPConnection object at 0x0000027B0CEB6D50>: Failed to establish a new connection: [WinError 10061] No connection could be made because the target machine actively refused it

The above exception was the direct cause of the following exception:

Traceback (most recent call last):
  File "C:\Users\sanji\AppData\Roaming\Python\Python311\site-packages\elastic_transport\_transport.py", line 342, in perform_request
    resp = node.perform_request(
           ^^^^^^^^^^^^^^^^^^^^^
  File "C:\Users\sanji\AppData\Roaming\Python\Python311\site-packages\elastic_transport\_node\_http_urllib3.py", line 202, in perform_request
    raise err from e
elastic_transport.ConnectionError: Connection error caused by: NewConnectionError(<urllib3.connection.HTTPConnection object at 0x0000027B0CEB6D50>: Failed to establish a new connection: [WinError 10061] No connection could be made because the target machine actively refused it)
2025-10-16 23:35:41,469 - elastic_transport.node_pool - INFO - Resurrected node <Urllib3HttpNode(http://localhost:9200)> (force=False)
2025-10-16 23:35:45,539 - elastic_transport.transport - INFO - GET http://localhost:9200/ [status:N/A duration:4.070s]
2025-10-16 23:35:45,539 - elastic_transport.node_pool - WARNING - Node <Urllib3HttpNode(http://localhost:9200)> has failed for 4 times in a row, putting on 8 second timeout
2025-10-16 23:35:45,540 - elasticsearch_manager - ERROR - ElasticSearch connection test failed: Connection error caused by: ConnectionError(Connection error caused by: NewConnectionError(<urllib3.connection.HTTPConnection object at 0x0000027B0CE6E810>: Failed to establish a new connection: [WinError 10061] No connection could be made because the target machine actively refused it))
2025-10-16 23:35:45,540 - elasticsearch_manager - INFO - Connected to ElasticSearch at localhost:9200
2025-10-16 23:35:45,540 - rag_pipeline - INFO - Loading PubMedBERT model: microsoft/BiomedNLP-PubMedBERT-base-uncased-abstract-fulltext
2025-10-16 23:35:47,896 - rag_pipeline - INFO - PubMedBERT model loaded successfully
2025-10-16 23:35:47,896 - rag_pipeline - INFO - Loading QA model: ktrapeznikov/biobert_v1.1_pubmed_squad_v2
2025-10-16 23:35:51,758 - huggingface_hub.file_download - WARNING - Xet Storage is enabled for this repo, but the 'hf_xet' package is not installed. Falling back to regular HTTP download. For better performance, install the package with: `pip install huggingface_hub[hf_xet]` or `pip install hf_xet`
2025-10-16 23:36:56,895 - rag_pipeline - INFO - QA model loaded successfully
2025-10-16 23:36:56,904 - src.medical_rag_system - INFO - Medical RAG System initialized successfully
2025-10-16 23:36:56,940 - src.medical_rag_system - INFO - Answering question: how does gravol work?
2025-10-16 23:36:56,942 - src.medical_rag_system - INFO - Searching for: how does gravol work?
2025-10-16 23:36:56,945 - embedding_manager - INFO - Generating embeddings for 1 texts
2025-10-16 23:36:58,493 - elasticsearch_manager - ERROR - ElasticSearch client not available
2025-10-16 23:36:58,494 - elasticsearch_manager - ERROR - ElasticSearch client not available
2025-10-16 23:36:58,499 - rag_pipeline - INFO - Answering question: how does gravol work?
2025-10-16 23:37:44,983 - src.medical_rag_system - INFO - Initializing Medical RAG System
2025-10-16 23:37:45,530 - embedding_manager - INFO - Loading PubMedBERT model: microsoft/BiomedNLP-PubMedBERT-base-uncased-abstract-fulltext
2025-10-16 23:37:48,496 - embedding_manager - INFO - Loaded FAISS index with 4262 vectors
2025-10-16 23:37:48,577 - elastic_transport.transport - INFO - GET http://localhost:9200/ [status:200 duration:0.080s]
2025-10-16 23:37:48,577 - elasticsearch_manager - INFO - ElasticSearch cluster: docker-cluster
2025-10-16 23:37:48,578 - elasticsearch_manager - INFO - Connected to ElasticSearch at localhost:9200
2025-10-16 23:37:48,578 - rag_pipeline - INFO - Loading PubMedBERT model: microsoft/BiomedNLP-PubMedBERT-base-uncased-abstract-fulltext
2025-10-16 23:37:51,097 - rag_pipeline - INFO - PubMedBERT model loaded successfully
2025-10-16 23:37:51,098 - rag_pipeline - INFO - Loading QA model: ktrapeznikov/biobert_v1.1_pubmed_squad_v2
2025-10-16 23:37:52,249 - rag_pipeline - INFO - QA model loaded successfully
2025-10-16 23:37:52,249 - src.medical_rag_system - INFO - Medical RAG System initialized successfully
2025-10-16 23:37:52,249 - src.medical_rag_system - INFO - Answering question: how does gravol work?
2025-10-16 23:37:52,249 - src.medical_rag_system - INFO - Searching for: how does gravol work?
2025-10-16 23:37:52,249 - embedding_manager - INFO - Generating embeddings for 1 texts
2025-10-16 23:37:53,303 - elastic_transport.transport - INFO - POST http://localhost:9200/medical_documents/_search [status:200 duration:0.485s]
2025-10-16 23:37:53,303 - elasticsearch_manager - INFO - Found 20 results for query: how does gravol work?
2025-10-16 23:37:53,471 - elastic_transport.transport - INFO - POST http://localhost:9200/medical_documents/_search [status:200 duration:0.168s]
2025-10-16 23:37:53,471 - elasticsearch_manager - INFO - Found 10 results for query: how does gravol work?
2025-10-16 23:37:53,472 - rag_pipeline - INFO - Answering question: how does gravol work?
2025-10-16 23:40:48,751 - src.medical_rag_system - INFO - Initializing Medical RAG System
2025-10-16 23:40:49,304 - embedding_manager - INFO - Loading PubMedBERT model: microsoft/BiomedNLP-PubMedBERT-base-uncased-abstract-fulltext
2025-10-16 23:40:51,932 - embedding_manager - INFO - Loaded FAISS index with 4262 vectors
2025-10-16 23:40:51,952 - elastic_transport.transport - INFO - GET http://localhost:9200/ [status:200 duration:0.019s]
2025-10-16 23:40:51,953 - elasticsearch_manager - INFO - ElasticSearch cluster: docker-cluster
2025-10-16 23:40:51,953 - elasticsearch_manager - INFO - Connected to ElasticSearch at localhost:9200
2025-10-16 23:40:51,953 - rag_pipeline - INFO - Loading PubMedBERT model: microsoft/BiomedNLP-PubMedBERT-base-uncased-abstract-fulltext
2025-10-16 23:40:54,909 - rag_pipeline - INFO - PubMedBERT model loaded successfully
2025-10-16 23:40:54,909 - rag_pipeline - INFO - Loading QA model: ktrapeznikov/biobert_v1.1_pubmed_squad_v2
2025-10-16 23:40:55,859 - rag_pipeline - INFO - QA model loaded successfully
2025-10-16 23:40:55,860 - src.medical_rag_system - INFO - Medical RAG System initialized successfully
2025-10-16 23:40:55,860 - src.medical_rag_system - INFO - Answering question: how does gravol work?
2025-10-16 23:40:55,860 - src.medical_rag_system - INFO - Searching for: how does gravol work?
2025-10-16 23:40:55,861 - embedding_manager - INFO - Generating embeddings for 1 texts
2025-10-16 23:40:56,463 - elastic_transport.transport - INFO - POST http://localhost:9200/medical_documents/_search [status:200 duration:0.236s]
2025-10-16 23:40:56,463 - elasticsearch_manager - INFO - Found 20 results for query: how does gravol work?
2025-10-16 23:40:56,578 - elastic_transport.transport - INFO - POST http://localhost:9200/medical_documents/_search [status:200 duration:0.115s]
2025-10-16 23:40:56,579 - elasticsearch_manager - INFO - Found 10 results for query: how does gravol work?
2025-10-16 23:40:56,579 - rag_pipeline - INFO - Answering question: how does gravol work?
